TN:
SF:app/middlewares/validateSchema.ts
FN:6,(anonymous_0)
FN:7,(anonymous_1)
FNF:2
FNH:0
FNDA:0,(anonymous_0)
FNDA:0,(anonymous_1)
DA:5,0
DA:6,0
DA:7,0
DA:8,0
DA:9,0
DA:14,0
DA:16,0
LF:7
LH:0
BRF:0
BRH:0
end_of_record
TN:
SF:app/routes/index.ts
FNF:0
FNH:0
DA:1,0
DA:2,0
DA:3,0
DA:4,0
DA:5,0
DA:6,0
DA:7,0
DA:8,0
DA:10,0
DA:16,0
DA:23,0
DA:30,0
DA:37,0
DA:44,0
DA:51,0
DA:57,0
DA:62,0
LF:17
LH:0
BRF:0
BRH:0
end_of_record
TN:
SF:app/routes/schemas.ts
FNF:0
FNH:0
DA:1,0
DA:3,0
DA:16,0
DA:24,0
DA:32,0
DA:40,0
DA:51,0
LF:7
LH:0
BRF:0
BRH:0
end_of_record
